Build started 11/11/2015 10:48:30 PM.
     1>Project "G:\My Documents\Visual Studio 2013\Projects\Risk Game\Risk Game\Risk Game.vcxproj" on node 2 (Build target(s)).
     1>ClCompile:
         C:\Program Files (x86)\Microsoft Visual Studio 12.0\VC\bin\CL.exe /c /ZI /nologo /W3 /WX- /sdl /Od /Oy- /D _MBCS /Gm /EHsc /RTC1 /MDd /GS /fp:precise /Zc:wchar_t /Zc:forScope /Fo"Debug\\" /Fd"Debug\vc120.pdb" /Gd /TP /analyze- /errorReport:prompt BattleEngine\Player.cpp GameDriver.cpp
         GameDriver.cpp
     1>g:\my documents\visual studio 2013\projects\risk game\risk game\gamedriver.cpp(48): warning C4018: '<' : signed/unsigned mismatch
         Player.cpp
     1>g:\my documents\visual studio 2013\projects\risk game\risk game\battleengine\player.cpp(100): warning C4018: '<' : signed/unsigned mismatch
         Generating Code...
       Link:
         C:\Program Files (x86)\Microsoft Visual Studio 12.0\VC\bin\link.exe /ERRORREPORT:PROMPT /OUT:"G:\My Documents\Visual Studio 2013\Projects\Risk Game\Debug\Risk Game.exe" /INCREMENTAL /NOLOGO kernel32.lib user32.lib gdi32.lib winspool.lib comdlg32.lib advapi32.lib shell32.lib ole32.lib oleaut32.lib uuid.lib odbc32.lib odbccp32.lib /MANIFEST /MANIFESTUAC:"level='asInvoker' uiAccess='false'" /manifest:embed /DEBUG /PDB:"G:\My Documents\Visual Studio 2013\Projects\Risk Game\Debug\Risk Game.pdb" /TLBID:1 /DYNAMICBASE /NXCOMPAT /IMPLIB:"G:\My Documents\Visual Studio 2013\Projects\Risk Game\Debug\Risk Game.lib" /MACHINE:X86 Debug\BattleEngine.obj
         Debug\Player.obj
         Debug\Directory.obj
         Debug\Main.obj
         Debug\GameDriver.obj
         Debug\Instantiation.obj
         Debug\Continent.obj
         Debug\Country.obj
         Debug\Map.obj
         Debug\Map_View.obj
         Debug\UtilityMap.obj
         Debug\Subject.obj
         Debug\PlayerView.obj
         Risk Game.vcxproj -> G:\My Documents\Visual Studio 2013\Projects\Risk Game\Debug\Risk Game.exe
     1>Done Building Project "G:\My Documents\Visual Studio 2013\Projects\Risk Game\Risk Game\Risk Game.vcxproj" (Build target(s)).

Build succeeded.

Time Elapsed 00:00:05.01
