c:\users\kendy\documents\visual studio 2013\projects\riskgame\risk game\debug\vc120.pdb
c:\users\kendy\documents\visual studio 2013\projects\riskgame\risk game\debug\vc120.idb
c:\users\kendy\documents\visual studio 2013\projects\riskgame\risk game\debug\battleengine.obj
c:\users\kendy\documents\visual studio 2013\projects\riskgame\risk game\debug\player.obj
c:\users\kendy\documents\visual studio 2013\projects\riskgame\risk game\debug\directory.obj
c:\users\kendy\documents\visual studio 2013\projects\riskgame\risk game\debug\main.obj
c:\users\kendy\documents\visual studio 2013\projects\riskgame\risk game\debug\gamedriver.obj
c:\users\kendy\documents\visual studio 2013\projects\riskgame\risk game\debug\instantiation.obj
c:\users\kendy\documents\visual studio 2013\projects\riskgame\risk game\debug\continent.obj
c:\users\kendy\documents\visual studio 2013\projects\riskgame\risk game\debug\country.obj
c:\users\kendy\documents\visual studio 2013\projects\riskgame\risk game\debug\map.obj
c:\users\kendy\documents\visual studio 2013\projects\riskgame\risk game\debug\mapcreator.obj
c:\users\kendy\documents\visual studio 2013\projects\riskgame\risk game\debug\map_view.obj
c:\users\kendy\documents\visual studio 2013\projects\riskgame\risk game\debug\utilitymap.obj
c:\users\kendy\documents\visual studio 2013\projects\riskgame\risk game\debug\subject.obj
c:\users\kendy\documents\visual studio 2013\projects\riskgame\risk game\debug\playerview.obj
c:\users\kendy\documents\visual studio 2013\projects\riskgame\debug\risk game.ilk
c:\users\kendy\documents\visual studio 2013\projects\riskgame\debug\risk game.exe
c:\users\kendy\documents\visual studio 2013\projects\riskgame\debug\risk game.pdb
c:\users\kendy\documents\visual studio 2013\projects\riskgame\risk game\debug\risk game.tlog\cl.command.1.tlog
c:\users\kendy\documents\visual studio 2013\projects\riskgame\risk game\debug\risk game.tlog\cl.read.1.tlog
c:\users\kendy\documents\visual studio 2013\projects\riskgame\risk game\debug\risk game.tlog\cl.write.1.tlog
c:\users\kendy\documents\visual studio 2013\projects\riskgame\risk game\debug\risk game.tlog\link.command.1.tlog
c:\users\kendy\documents\visual studio 2013\projects\riskgame\risk game\debug\risk game.tlog\link.read.1.tlog
c:\users\kendy\documents\visual studio 2013\projects\riskgame\risk game\debug\risk game.tlog\link.write.1.tlog
